13:03:22 INFO  : Registering command handlers for Vitis TCF services
13:03:22 INFO  : Launching XSCT server: xsct.bat -n  -interactive C:\Universite\S4\Projet\Atelier2\Atelier\temp_xsdb_launch_script.tcl
13:03:24 INFO  : XSCT server has started successfully.
13:03:25 INFO  : plnx-install-location is set to ''
13:03:25 INFO  : Successfully done setting XSCT server connection channel  
13:03:25 INFO  : Platform repository initialization has completed.
13:03:27 INFO  : Successfully done setting workspace for the tool. 
13:03:27 INFO  : Successfully done query RDI_DATADIR 
13:04:20 INFO  : Result from executing command 'getProjects': design_1_wrapper
13:04:20 INFO  : Result from executing command 'getPlatforms': 
13:04:20 WARN  : An unexpected exception occurred in the module 'platform project logging'
13:04:20 INFO  : Platform 'design_1_wrapper' is added to custom repositories.
13:04:28 INFO  : Platform 'design_1_wrapper' is added to custom repositories.
13:17:54 INFO  : Launching XSCT server: xsct.bat -n  -interactive C:\Universite\S4\Projet\Atelier2\Atelier\temp_xsdb_launch_script.tcl
13:17:56 INFO  : XSCT server has started successfully.
13:17:56 INFO  : Successfully done setting XSCT server connection channel  
13:17:56 INFO  : plnx-install-location is set to ''
13:17:56 INFO  : Successfully done setting workspace for the tool. 
13:17:57 INFO  : Successfully done query RDI_DATADIR 
13:17:58 INFO  : Platform repository initialization has completed.
13:17:59 INFO  : Registering command handlers for Vitis TCF services
13:18:54 INFO  : Result from executing command 'getProjects': design_1_wrapper;design_1_wrapper_1
13:18:54 INFO  : Result from executing command 'getPlatforms': design_1_wrapper|C:/Universite/S4/Projet/Atelier2/Atelier/design_1_wrapper/export/design_1_wrapper/design_1_wrapper.xpfm
13:18:55 INFO  : Platform 'design_1_wrapper_1' is added to custom repositories.
13:19:02 INFO  : Platform 'design_1_wrapper_1' is added to custom repositories.
13:20:29 INFO  : Checking for BSP changes to sync application flags for project 'Atelier2_vitis2'...
13:20:29 ERROR : Failed to openhw "C:/Universite/S4/Projet/Atelier2/Atelier/design_1_wrapper_1/export/design_1_wrapper_1/hw/design_1_wrapper.xsa"
Reason: ERROR: [Common 17-39] 'hsi::open_hw_design' failed due to earlier errors.

13:20:29 ERROR : Failed to update application flags from BSP for 'Atelier2_vitis2'. Reason: null
java.lang.NullPointerException
	at com.xilinx.sdx.sw.internal.SDxSwPlatform.<init>(SDxSwPlatform.java:305)
	at com.xilinx.sdx.sw.internal.SDxSwPlatform.create(SDxSwPlatform.java:214)
	at com.xilinx.sdx.sdk.core.util.SdkPlatformHelper.getSwPlatform(SdkPlatformHelper.java:61)
	at com.xilinx.sdx.sdk.core.build.SdkMakefileGenerationListener.getSwPlatform(SdkMakefileGenerationListener.java:160)
	at com.xilinx.sdx.sdk.core.build.SdkMakefileGenerationListener.syncAppFlags(SdkMakefileGenerationListener.java:78)
	at com.xilinx.sdx.sdk.core.build.SdkMakefileGenerationListener.preMakefileGeneration(SdkMakefileGenerationListener.java:48)
	at com.xilinx.sdk.managedbuilder.XilinxGnuMakefileGenerator.notifyPreMakefileGenerationListeners(XilinxGnuMakefileGenerator.java:91)
	at com.xilinx.sdk.managedbuilder.XilinxGnuMakefileGenerator.regenerateMakefiles(XilinxGnuMakefileGenerator.java:75)
	at org.eclipse.cdt.managedbuilder.internal.core.CommonBuilder.performMakefileGeneration(CommonBuilder.java:1006)
	at org.eclipse.cdt.managedbuilder.internal.core.CommonBuilder.performPrebuildGeneration(CommonBuilder.java:873)
	at org.eclipse.cdt.managedbuilder.internal.core.CommonBuilder.build(CommonBuilder.java:748)
	at org.eclipse.cdt.managedbuilder.internal.core.CommonBuilder.build(CommonBuilder.java:513)
	at org.eclipse.cdt.managedbuilder.internal.core.CommonBuilder.build(CommonBuilder.java:459)
	at org.eclipse.core.internal.events.BuildManager$2.run(BuildManager.java:832)
	at org.eclipse.core.runtime.SafeRunner.run(SafeRunner.java:45)
	at org.eclipse.core.internal.events.BuildManager.basicBuild(BuildManager.java:220)
	at org.eclipse.core.internal.events.BuildManager.basicBuild(BuildManager.java:263)
	at org.eclipse.core.internal.events.BuildManager$1.run(BuildManager.java:316)
	at org.eclipse.core.runtime.SafeRunner.run(SafeRunner.java:45)
	at org.eclipse.core.internal.events.BuildManager.basicBuild(BuildManager.java:319)
	at org.eclipse.core.internal.events.BuildManager.basicBuildLoop(BuildManager.java:371)
	at org.eclipse.core.internal.events.BuildManager.build(BuildManager.java:392)
	at org.eclipse.core.internal.resources.Workspace.buildInternal(Workspace.java:515)
	at org.eclipse.core.internal.resources.Workspace.build(Workspace.java:412)
	at org.eclipse.ui.actions.BuildAction$1.runInWorkspace(BuildAction.java:291)
	at org.eclipse.core.internal.resources.InternalWorkspaceJob.run(InternalWorkspaceJob.java:42)
	at org.eclipse.core.internal.jobs.Worker.run(Worker.java:63)
13:24:32 INFO  : Result from executing command 'getProjects': design_1_wrapper_1
13:24:32 INFO  : Result from executing command 'getPlatforms': design_1_wrapper_1|C:/Universite/S4/Projet/Atelier2/Atelier/design_1_wrapper_1/export/design_1_wrapper_1/design_1_wrapper_1.xpfm
13:24:40 INFO  : Checking for BSP changes to sync application flags for project 'Atelier2_vitis2'...
13:25:28 INFO  : Result from executing command 'getProjects': design_1_wrapper_1
13:25:28 INFO  : Result from executing command 'getPlatforms': design_1_wrapper_1|C:/Universite/S4/Projet/Atelier2/Atelier/design_1_wrapper_1/export/design_1_wrapper_1/design_1_wrapper_1.xpfm
13:25:29 INFO  : Checking for BSP changes to sync application flags for project 'Atelier2_vitis2'...
13:26:08 INFO  : Result from executing command 'getProjects': design_1_wrapper_1
13:26:08 INFO  : Result from executing command 'getPlatforms': design_1_wrapper_1|C:/Universite/S4/Projet/Atelier2/Atelier/design_1_wrapper_1/export/design_1_wrapper_1/design_1_wrapper_1.xpfm
13:26:50 INFO  : Result from executing command 'getProjects': design_1_wrapper_1
13:26:50 INFO  : Result from executing command 'getPlatforms': design_1_wrapper_1|C:/Universite/S4/Projet/Atelier2/Atelier/design_1_wrapper_1/export/design_1_wrapper_1/design_1_wrapper_1.xpfm
13:26:51 INFO  : Checking for BSP changes to sync application flags for project 'Atelier2_vitis2'...
13:30:55 INFO  : Result from executing command 'getProjects': design_1_wrapper_1
13:30:55 INFO  : Result from executing command 'getPlatforms': design_1_wrapper_1|C:/Universite/S4/Projet/Atelier2/Atelier/design_1_wrapper_1/export/design_1_wrapper_1/design_1_wrapper_1.xpfm
13:31:51 INFO  : Result from executing command 'getProjects': design_1_wrapper_1
13:31:51 INFO  : Result from executing command 'getPlatforms': design_1_wrapper_1|C:/Universite/S4/Projet/Atelier2/Atelier/design_1_wrapper_1/export/design_1_wrapper_1/design_1_wrapper_1.xpfm
13:31:51 INFO  : Checking for BSP changes to sync application flags for project 'Atelier2_vitis2'...
13:32:57 INFO  : Result from executing command 'getProjects': design_1_wrapper_1
13:32:57 INFO  : Result from executing command 'getPlatforms': design_1_wrapper_1|C:/Universite/S4/Projet/Atelier2/Atelier/design_1_wrapper_1/export/design_1_wrapper_1/design_1_wrapper_1.xpfm
13:32:57 INFO  : Checking for BSP changes to sync application flags for project 'Atelier2_vitis2'...
13:34:31 INFO  : Checking for BSP changes to sync application flags for project 'Atelier2_vitis2'...
13:34:31 ERROR : Failed to openhw "C:/Universite/S4/Projet/Atelier2/Atelier/design_1_wrapper_1/export/design_1_wrapper_1/hw/design_1_wrapper.xsa"
Reason: ERROR: [Common 17-39] 'hsi::open_hw_design' failed due to earlier errors.

13:34:31 ERROR : Failed to update application flags from BSP for 'Atelier2_vitis2'. Reason: null
java.lang.NullPointerException
	at com.xilinx.sdx.sw.internal.SDxSwPlatform.<init>(SDxSwPlatform.java:305)
	at com.xilinx.sdx.sw.internal.SDxSwPlatform.create(SDxSwPlatform.java:214)
	at com.xilinx.sdx.sdk.core.util.SdkPlatformHelper.getSwPlatform(SdkPlatformHelper.java:61)
	at com.xilinx.sdx.sdk.core.build.SdkMakefileGenerationListener.getSwPlatform(SdkMakefileGenerationListener.java:160)
	at com.xilinx.sdx.sdk.core.build.SdkMakefileGenerationListener.syncAppFlags(SdkMakefileGenerationListener.java:78)
	at com.xilinx.sdx.sdk.core.build.SdkMakefileGenerationListener.preMakefileGeneration(SdkMakefileGenerationListener.java:48)
	at com.xilinx.sdk.managedbuilder.XilinxGnuMakefileGenerator.notifyPreMakefileGenerationListeners(XilinxGnuMakefileGenerator.java:91)
	at com.xilinx.sdk.managedbuilder.XilinxGnuMakefileGenerator.generateMakefiles(XilinxGnuMakefileGenerator.java:40)
	at org.eclipse.cdt.managedbuilder.internal.core.CommonBuilder.performMakefileGeneration(CommonBuilder.java:1008)
	at org.eclipse.cdt.managedbuilder.internal.core.CommonBuilder.performPrebuildGeneration(CommonBuilder.java:873)
	at org.eclipse.cdt.managedbuilder.internal.core.CommonBuilder.build(CommonBuilder.java:748)
	at org.eclipse.cdt.managedbuilder.internal.core.CommonBuilder.build(CommonBuilder.java:510)
	at org.eclipse.cdt.managedbuilder.internal.core.CommonBuilder.build(CommonBuilder.java:459)
	at org.eclipse.core.internal.events.BuildManager$2.run(BuildManager.java:832)
	at org.eclipse.core.runtime.SafeRunner.run(SafeRunner.java:45)
	at org.eclipse.core.internal.events.BuildManager.basicBuild(BuildManager.java:220)
	at org.eclipse.core.internal.events.BuildManager.basicBuild(BuildManager.java:263)
	at org.eclipse.core.internal.events.BuildManager$1.run(BuildManager.java:316)
	at org.eclipse.core.runtime.SafeRunner.run(SafeRunner.java:45)
	at org.eclipse.core.internal.events.BuildManager.basicBuild(BuildManager.java:319)
	at org.eclipse.core.internal.events.BuildManager.basicBuildLoop(BuildManager.java:371)
	at org.eclipse.core.internal.events.BuildManager.build(BuildManager.java:392)
	at org.eclipse.core.internal.resources.Workspace.buildInternal(Workspace.java:515)
	at org.eclipse.core.internal.resources.Workspace.build(Workspace.java:412)
	at org.eclipse.ui.actions.BuildAction$1.runInWorkspace(BuildAction.java:291)
	at org.eclipse.core.internal.resources.InternalWorkspaceJob.run(InternalWorkspaceJob.java:42)
	at org.eclipse.core.internal.jobs.Worker.run(Worker.java:63)
13:34:57 INFO  : Result from executing command 'getProjects': design_1_wrapper_1
13:34:57 INFO  : Result from executing command 'getPlatforms': design_1_wrapper_1|C:/Universite/S4/Projet/Atelier2/Atelier/design_1_wrapper_1/export/design_1_wrapper_1/design_1_wrapper_1.xpfm
13:34:58 INFO  : Checking for BSP changes to sync application flags for project 'Atelier2_vitis2'...
13:37:27 INFO  : Result from executing command 'getProjects': design_1_wrapper_1
13:37:27 INFO  : Result from executing command 'getPlatforms': design_1_wrapper_1|C:/Universite/S4/Projet/Atelier2/Atelier/design_1_wrapper_1/export/design_1_wrapper_1/design_1_wrapper_1.xpfm
13:37:58 INFO  : Result from executing command 'getProjects': design_1_wrapper_1
13:37:58 INFO  : Result from executing command 'getPlatforms': design_1_wrapper_1|C:/Universite/S4/Projet/Atelier2/Atelier/design_1_wrapper_1/export/design_1_wrapper_1/design_1_wrapper_1.xpfm
13:38:30 INFO  : Result from executing command 'getProjects': design_1_wrapper_1
13:38:30 INFO  : Result from executing command 'getPlatforms': design_1_wrapper_1|C:/Universite/S4/Projet/Atelier2/Atelier/design_1_wrapper_1/export/design_1_wrapper_1/design_1_wrapper_1.xpfm
13:38:31 INFO  : Checking for BSP changes to sync application flags for project 'Atelier2_vitis2'...
13:38:51 INFO  : Checking for BSP changes to sync application flags for project 'Atelier2_vitis2'...
13:40:03 INFO  : Result from executing command 'getProjects': design_1_wrapper_1
13:40:03 INFO  : Result from executing command 'getPlatforms': design_1_wrapper_1|C:/Universite/S4/Projet/Atelier2/Atelier/design_1_wrapper_1/export/design_1_wrapper_1/design_1_wrapper_1.xpfm
13:40:09 INFO  : Checking for BSP changes to sync application flags for project 'Atelier2_vitis2'...
13:40:39 INFO  : Result from executing command 'getProjects': design_1_wrapper_1
13:40:39 INFO  : Result from executing command 'getPlatforms': design_1_wrapper_1|C:/Universite/S4/Projet/Atelier2/Atelier/design_1_wrapper_1/export/design_1_wrapper_1/design_1_wrapper_1.xpfm
13:40:40 INFO  : Checking for BSP changes to sync application flags for project 'Atelier2_vitis2'...
16:38:37 INFO  : Launching XSCT server: xsct.bat -n  -interactive C:\Universite\S4\Projet\Atelier2\Atelier\temp_xsdb_launch_script.tcl
16:38:39 INFO  : XSCT server has started successfully.
16:38:39 INFO  : Successfully done setting XSCT server connection channel  
16:38:39 INFO  : plnx-install-location is set to ''
16:38:39 INFO  : Successfully done setting workspace for the tool. 
16:38:42 INFO  : Platform repository initialization has completed.
16:38:43 INFO  : Registering command handlers for Vitis TCF services
16:38:44 INFO  : Successfully done query RDI_DATADIR 
16:40:11 INFO  : Result from executing command 'getProjects': design_1_wrapper_1
16:40:11 INFO  : Result from executing command 'getPlatforms': design_1_wrapper_1|C:/Universite/S4/Projet/Atelier2/Atelier/design_1_wrapper_1/export/design_1_wrapper_1/design_1_wrapper_1.xpfm
16:40:16 INFO  : Checking for BSP changes to sync application flags for project 'Atelier2_vitis2'...
17:19:37 INFO  : Result from executing command 'getProjects': design_1_wrapper;design_1_wrapper_1
17:19:37 INFO  : Result from executing command 'getPlatforms': design_1_wrapper_1|C:/Universite/S4/Projet/Atelier2/Atelier/design_1_wrapper_1/export/design_1_wrapper_1/design_1_wrapper_1.xpfm
17:19:38 WARN  : An unexpected exception occurred in the module 'platform project logging'
17:19:38 INFO  : Platform 'design_1_wrapper' is added to custom repositories.
17:19:48 INFO  : Platform 'design_1_wrapper' is added to custom repositories.
17:56:31 INFO  : Checking for BSP changes to sync application flags for project 'Atelier2_vitis_3'...
17:56:32 ERROR : Failed to openhw "C:/Universite/S4/Projet/Atelier2/Atelier/design_1_wrapper/export/design_1_wrapper/hw/design_1_wrapper.xsa"
Reason: ERROR: [Common 17-39] 'hsi::open_hw_design' failed due to earlier errors.

17:56:32 ERROR : Failed to update application flags from BSP for 'Atelier2_vitis_3'. Reason: null
java.lang.NullPointerException
	at com.xilinx.sdx.sw.internal.SDxSwPlatform.<init>(SDxSwPlatform.java:305)
	at com.xilinx.sdx.sw.internal.SDxSwPlatform.create(SDxSwPlatform.java:214)
	at com.xilinx.sdx.sdk.core.util.SdkPlatformHelper.getSwPlatform(SdkPlatformHelper.java:61)
	at com.xilinx.sdx.sdk.core.build.SdkMakefileGenerationListener.getSwPlatform(SdkMakefileGenerationListener.java:160)
	at com.xilinx.sdx.sdk.core.build.SdkMakefileGenerationListener.syncAppFlags(SdkMakefileGenerationListener.java:78)
	at com.xilinx.sdx.sdk.core.build.SdkMakefileGenerationListener.preMakefileGeneration(SdkMakefileGenerationListener.java:48)
	at com.xilinx.sdk.managedbuilder.XilinxGnuMakefileGenerator.notifyPreMakefileGenerationListeners(XilinxGnuMakefileGenerator.java:91)
	at com.xilinx.sdk.managedbuilder.XilinxGnuMakefileGenerator.regenerateMakefiles(XilinxGnuMakefileGenerator.java:75)
	at org.eclipse.cdt.managedbuilder.internal.core.CommonBuilder.performMakefileGeneration(CommonBuilder.java:1006)
	at org.eclipse.cdt.managedbuilder.internal.core.CommonBuilder.performPrebuildGeneration(CommonBuilder.java:873)
	at org.eclipse.cdt.managedbuilder.internal.core.CommonBuilder.build(CommonBuilder.java:748)
	at org.eclipse.cdt.managedbuilder.internal.core.CommonBuilder.build(CommonBuilder.java:513)
	at org.eclipse.cdt.managedbuilder.internal.core.CommonBuilder.build(CommonBuilder.java:459)
	at org.eclipse.core.internal.events.BuildManager$2.run(BuildManager.java:832)
	at org.eclipse.core.runtime.SafeRunner.run(SafeRunner.java:45)
	at org.eclipse.core.internal.events.BuildManager.basicBuild(BuildManager.java:220)
	at org.eclipse.core.internal.events.BuildManager.basicBuild(BuildManager.java:263)
	at org.eclipse.core.internal.events.BuildManager$1.run(BuildManager.java:316)
	at org.eclipse.core.runtime.SafeRunner.run(SafeRunner.java:45)
	at org.eclipse.core.internal.events.BuildManager.basicBuild(BuildManager.java:319)
	at org.eclipse.core.internal.events.BuildManager.basicBuildLoop(BuildManager.java:371)
	at org.eclipse.core.internal.events.BuildManager.build(BuildManager.java:392)
	at org.eclipse.core.internal.resources.Workspace.buildInternal(Workspace.java:515)
	at org.eclipse.core.internal.resources.Workspace.build(Workspace.java:412)
	at org.eclipse.ui.actions.BuildAction$1.runInWorkspace(BuildAction.java:291)
	at org.eclipse.core.internal.resources.InternalWorkspaceJob.run(InternalWorkspaceJob.java:42)
	at org.eclipse.core.internal.jobs.Worker.run(Worker.java:63)
18:00:31 INFO  : Result from executing command 'getProjects': design_1_wrapper
18:00:31 INFO  : Result from executing command 'getPlatforms': design_1_wrapper|C:/Universite/S4/Projet/Atelier2/Atelier/design_1_wrapper/export/design_1_wrapper/design_1_wrapper.xpfm
18:00:36 INFO  : Checking for BSP changes to sync application flags for project 'Atelier2_vitis_3'...
18:02:13 INFO  : Connected to target on host '127.0.0.1' and port '3121'.
18:02:13 INFO  : 'targets -set -filter {jtag_cable_name =~ "Digilent Zybo Z7 210351A78087A" && level==0 && jtag_device_ctx=="jsn-Zybo Z7-210351A78087A-13722093-0"}' command is executed.
18:02:15 INFO  : Device configured successfully with "C:/Universite/S4/Projet/Atelier2/Atelier/Atelier2_vitis_3/_ide/bitstream/design_1_wrapper.bit"
18:02:41 INFO  : Connected to target on host '127.0.0.1' and port '3121'.
18:02:41 INFO  : Jtag cable 'Digilent Zybo Z7 210351A78087A' is selected.
18:02:41 INFO  : 'jtag frequency' command is executed.
18:02:41 INFO  : Context for 'APU' is selected.
18:02:41 INFO  : System reset is completed.
18:02:44 INFO  : 'after 3000' command is executed.
18:02:44 INFO  : 'targets -set -filter {jtag_cable_name =~ "Digilent Zybo Z7 210351A78087A" && level==0 && jtag_device_ctx=="jsn-Zybo Z7-210351A78087A-13722093-0"}' command is executed.
18:02:45 INFO  : Device configured successfully with "C:/Universite/S4/Projet/Atelier2/Atelier/Atelier2_vitis_3/_ide/bitstream/design_1_wrapper.bit"
18:02:45 INFO  : Context for 'APU' is selected.
18:02:46 INFO  : Hardware design and registers information is loaded from 'C:/Universite/S4/Projet/Atelier2/Atelier/design_1_wrapper/export/design_1_wrapper/hw/design_1_wrapper.xsa'.
18:02:46 INFO  : 'configparams force-mem-access 1' command is executed.
18:02:46 INFO  : Context for 'APU' is selected.
18:02:46 INFO  : Sourcing of 'C:/Universite/S4/Projet/Atelier2/Atelier/Atelier2_vitis_3/_ide/psinit/ps7_init.tcl' is done.
18:02:46 INFO  : 'ps7_init' command is executed.
18:02:46 INFO  : 'ps7_post_config' command is executed.
18:02:46 INFO  : Context for processor 'ps7_cortexa9_0' is selected.
18:02:46 INFO  : The application 'C:/Universite/S4/Projet/Atelier2/Atelier/Atelier2_vitis_3/Debug/Atelier2_vitis_3.elf' is downloaded to processor 'ps7_cortexa9_0'.
18:02:46 INFO  : 'configparams force-mem-access 0' command is executed.
18:02:46 INFO  : ----------------XSDB Script----------------
connect -url tcp:127.0.0.1:3121
targets -set -nocase -filter {name =~"APU*"}
rst -system
after 3000
targets -set -filter {jtag_cable_name =~ "Digilent Zybo Z7 210351A78087A" && level==0 && jtag_device_ctx=="jsn-Zybo Z7-210351A78087A-13722093-0"}
fpga -file C:/Universite/S4/Projet/Atelier2/Atelier/Atelier2_vitis_3/_ide/bitstream/design_1_wrapper.bit
targets -set -nocase -filter {name =~"APU*"}
loadhw -hw C:/Universite/S4/Projet/Atelier2/Atelier/design_1_wrapper/export/design_1_wrapper/hw/design_1_wrapper.xsa -mem-ranges [list {0x40000000 0xbfffffff}] -regs
configparams force-mem-access 1
targets -set -nocase -filter {name =~"APU*"}
source C:/Universite/S4/Projet/Atelier2/Atelier/Atelier2_vitis_3/_ide/psinit/ps7_init.tcl
ps7_init
ps7_post_config
targets -set -nocase -filter {name =~ "*A9*#0"}
dow C:/Universite/S4/Projet/Atelier2/Atelier/Atelier2_vitis_3/Debug/Atelier2_vitis_3.elf
configparams force-mem-access 0
----------------End of Script----------------

18:02:46 INFO  : Context for processor 'ps7_cortexa9_0' is selected.
18:02:46 INFO  : 'con' command is executed.
18:02:46 INFO  : ----------------XSDB Script (After Launch)----------------
targets -set -nocase -filter {name =~ "*A9*#0"}
con
----------------End of Script----------------

18:02:46 INFO  : Disconnected from the channel tcfchan#5.
18:06:50 INFO  : Connected to target on host '127.0.0.1' and port '3121'.
18:06:50 INFO  : 'targets -set -filter {jtag_cable_name =~ "Digilent Zybo Z7 210351A78087A" && level==0 && jtag_device_ctx=="jsn-Zybo Z7-210351A78087A-13722093-0"}' command is executed.
18:06:51 INFO  : Device configured successfully with "C:/Universite/S4/Projet/Atelier2/Atelier/Atelier2_vitis_3/_ide/bitstream/design_1_wrapper.bit"
18:07:05 INFO  : Connected to target on host '127.0.0.1' and port '3121'.
18:07:05 INFO  : Jtag cable 'Digilent Zybo Z7 210351A78087A' is selected.
18:07:05 INFO  : 'jtag frequency' command is executed.
18:07:05 INFO  : Context for 'APU' is selected.
18:07:05 INFO  : System reset is completed.
18:07:08 INFO  : 'after 3000' command is executed.
18:07:08 INFO  : 'targets -set -filter {jtag_cable_name =~ "Digilent Zybo Z7 210351A78087A" && level==0 && jtag_device_ctx=="jsn-Zybo Z7-210351A78087A-13722093-0"}' command is executed.
18:07:09 INFO  : Device configured successfully with "C:/Universite/S4/Projet/Atelier2/Atelier/Atelier2_vitis_3/_ide/bitstream/design_1_wrapper.bit"
18:07:09 INFO  : Context for 'APU' is selected.
18:07:09 INFO  : Hardware design and registers information is loaded from 'C:/Universite/S4/Projet/Atelier2/Atelier/design_1_wrapper/export/design_1_wrapper/hw/design_1_wrapper.xsa'.
18:07:09 INFO  : 'configparams force-mem-access 1' command is executed.
18:07:09 INFO  : Context for 'APU' is selected.
18:07:09 INFO  : Sourcing of 'C:/Universite/S4/Projet/Atelier2/Atelier/Atelier2_vitis_3/_ide/psinit/ps7_init.tcl' is done.
18:07:10 INFO  : 'ps7_init' command is executed.
18:07:10 INFO  : 'ps7_post_config' command is executed.
18:07:10 INFO  : Context for processor 'ps7_cortexa9_0' is selected.
18:07:10 INFO  : The application 'C:/Universite/S4/Projet/Atelier2/Atelier/Atelier2_vitis_3/Debug/Atelier2_vitis_3.elf' is downloaded to processor 'ps7_cortexa9_0'.
18:07:10 INFO  : 'configparams force-mem-access 0' command is executed.
18:07:10 INFO  : ----------------XSDB Script----------------
connect -url tcp:127.0.0.1:3121
targets -set -nocase -filter {name =~"APU*"}
rst -system
after 3000
targets -set -filter {jtag_cable_name =~ "Digilent Zybo Z7 210351A78087A" && level==0 && jtag_device_ctx=="jsn-Zybo Z7-210351A78087A-13722093-0"}
fpga -file C:/Universite/S4/Projet/Atelier2/Atelier/Atelier2_vitis_3/_ide/bitstream/design_1_wrapper.bit
targets -set -nocase -filter {name =~"APU*"}
loadhw -hw C:/Universite/S4/Projet/Atelier2/Atelier/design_1_wrapper/export/design_1_wrapper/hw/design_1_wrapper.xsa -mem-ranges [list {0x40000000 0xbfffffff}] -regs
configparams force-mem-access 1
targets -set -nocase -filter {name =~"APU*"}
source C:/Universite/S4/Projet/Atelier2/Atelier/Atelier2_vitis_3/_ide/psinit/ps7_init.tcl
ps7_init
ps7_post_config
targets -set -nocase -filter {name =~ "*A9*#0"}
dow C:/Universite/S4/Projet/Atelier2/Atelier/Atelier2_vitis_3/Debug/Atelier2_vitis_3.elf
configparams force-mem-access 0
----------------End of Script----------------

18:07:10 INFO  : Context for processor 'ps7_cortexa9_0' is selected.
18:07:10 INFO  : 'con' command is executed.
18:07:10 INFO  : ----------------XSDB Script (After Launch)----------------
targets -set -nocase -filter {name =~ "*A9*#0"}
con
----------------End of Script----------------

18:07:10 INFO  : Launch script is exported to file 'C:\Universite\S4\Projet\Atelier2\Atelier\Atelier2_vitis_3_system\_ide\scripts\debugger_atelier2_vitis_3-default.tcl'
21:55:27 INFO  : Disconnected from the channel tcfchan#6.
12:25:26 INFO  : Launching XSCT server: xsct.bat -n  -interactive C:\Universite\S4\Projet\Atelier2\Atelier\temp_xsdb_launch_script.tcl
12:25:28 INFO  : XSCT server has started successfully.
12:25:29 INFO  : Successfully done setting XSCT server connection channel  
12:25:29 INFO  : plnx-install-location is set to ''
12:25:29 INFO  : Successfully done setting workspace for the tool. 
12:25:31 INFO  : Platform repository initialization has completed.
12:25:31 INFO  : Registering command handlers for Vitis TCF services
12:25:34 INFO  : Successfully done query RDI_DATADIR 
12:25:44 INFO  : Checking for BSP changes to sync application flags for project 'Atelier2_vitis_3'...
